{"numFailedTestSuites":1,"numFailedTests":1,"numPassedTestSuites":2,"numPassedTests":7,"numPendingTestSuites":0,"numPendingTests":0,"numRuntimeErrorTestSuites":0,"numTodoTests":0,"numTotalTestSuites":3,"numTotalTests":8,"openHandles":[],"snapshot":{"added":0,"didUpdate":false,"failure":false,"filesAdded":0,"filesRemoved":0,"filesRemovedList":[],"filesUnmatched":0,"filesUpdated":0,"matched":0,"total":0,"unchecked":0,"uncheckedKeysByFile":[],"unmatched":0,"updated":0},"startTime":1581604833659,"success":false,"testResults":[{"assertionResults":[{"ancestorTitles":["testing logger service"],"failureMessages":[],"fullName":"testing logger service should write info log to file","location":null,"status":"passed","title":"should write info log to file"}],"endTime":1581604836636,"message":"","name":"C:\\Users\\jad\\Documents\\code\\nodetsjest\\test\\services\\logger.service.spec.ts","startTime":1581604835514,"status":"passed","summary":""},{"assertionResults":[{"ancestorTitles":["testing CSV Reader service"],"failureMessages":[],"fullName":"testing CSV Reader service should read 16 rows from input.csv","location":null,"status":"passed","title":"should read 16 rows from input.csv"},{"ancestorTitles":["testing CSV Reader service"],"failureMessages":[],"fullName":"testing CSV Reader service row object should have a property of mac_addresses from input.csv","location":null,"status":"passed","title":"row object should have a property of mac_addresses from input.csv"},{"ancestorTitles":["testing CSV Reader service"],"failureMessages":[],"fullName":"testing CSV Reader service should read 13 rows from input1.csv","location":null,"status":"passed","title":"should read 13 rows from input1.csv"},{"ancestorTitles":["testing CSV Reader service"],"failureMessages":[],"fullName":"testing CSV Reader service row object should NOT have a property of mac_addresses from input1.csv","location":null,"status":"passed","title":"row object should NOT have a property of mac_addresses from input1.csv"},{"ancestorTitles":["testing CSV Reader service"],"failureMessages":[],"fullName":"testing CSV Reader service should read 9 rows from input2.csv","location":null,"status":"passed","title":"should read 9 rows from input2.csv"},{"ancestorTitles":["testing CSV Reader service"],"failureMessages":[],"fullName":"testing CSV Reader service row object should have a property of mac_addresses from input2.csv","location":null,"status":"passed","title":"row object should have a property of mac_addresses from input2.csv"}],"endTime":1581604836658,"message":"","name":"C:\\Users\\jad\\Documents\\code\\nodetsjest\\test\\services\\csv-reader.service.spec.ts","startTime":1581604835519,"status":"passed","summary":""},{"assertionResults":[{"ancestorTitles":["testing main functionality"],"failureMessages":["Error: ENOENT: no such file or directory, open 'C:\\Users\\jad\\Documents\\code\\nodetsjest\\csv\\test.csv'"],"fullName":"testing main functionality should throw exception","location":null,"status":"failed","title":"should throw exception"}],"endTime":1581604836718,"message":"\u001b[1m\u001b[31m  \u001b[1m● \u001b[22m\u001b[1mtesting main functionality › should throw exception\u001b[39m\u001b[22m\n\n    ENOENT: no such file or directory, open 'C:\\Users\\jad\\Documents\\code\\nodetsjest\\csv\\test.csv'\n\u001b[2m\u001b[22m\n\u001b[2m\u001b[22m\n","name":"C:\\Users\\jad\\Documents\\code\\nodetsjest\\test\\main.spec.ts","startTime":1581604835514,"status":"failed","summary":""}],"wasInterrupted":false}