{"numFailedTestSuites":0,"numFailedTests":0,"numPassedTestSuites":3,"numPassedTests":8,"numPendingTestSuites":0,"numPendingTests":0,"numRuntimeErrorTestSuites":0,"numTodoTests":0,"numTotalTestSuites":3,"numTotalTests":8,"openHandles":[],"snapshot":{"added":0,"didUpdate":false,"failure":false,"filesAdded":0,"filesRemoved":0,"filesRemovedList":[],"filesUnmatched":0,"filesUpdated":0,"matched":0,"total":0,"unchecked":0,"uncheckedKeysByFile":[],"unmatched":0,"updated":0},"startTime":1581600454261,"success":true,"testResults":[{"assertionResults":[{"ancestorTitles":["testing logger service"],"failureMessages":[],"fullName":"testing logger service should write info log to file","location":null,"status":"passed","title":"should write info log to file"}],"endTime":1581600457181,"message":"","name":"C:\\Users\\jad\\Documents\\code\\nodetsjest\\test\\main.spec.ts","startTime":1581600456082,"status":"passed","summary":""},{"assertionResults":[{"ancestorTitles":["testing logger service"],"failureMessages":[],"fullName":"testing logger service should write info log to file","location":null,"status":"passed","title":"should write info log to file"}],"endTime":1581600457305,"message":"","name":"C:\\Users\\jad\\Documents\\code\\nodetsjest\\test\\services\\logger.service.spec.ts","startTime":1581600456176,"status":"passed","summary":""},{"assertionResults":[{"ancestorTitles":["testing CSV Reader service"],"failureMessages":[],"fullName":"testing CSV Reader service should read 16 rows from input.csv","location":null,"status":"passed","title":"should read 16 rows from input.csv"},{"ancestorTitles":["testing CSV Reader service"],"failureMessages":[],"fullName":"testing CSV Reader service row object should have a property of mac_addresses from input.csv","location":null,"status":"passed","title":"row object should have a property of mac_addresses from input.csv"},{"ancestorTitles":["testing CSV Reader service"],"failureMessages":[],"fullName":"testing CSV Reader service should read 13 rows from input1.csv","location":null,"status":"passed","title":"should read 13 rows from input1.csv"},{"ancestorTitles":["testing CSV Reader service"],"failureMessages":[],"fullName":"testing CSV Reader service row object should NOT have a property of mac_addresses from input1.csv","location":null,"status":"passed","title":"row object should NOT have a property of mac_addresses from input1.csv"},{"ancestorTitles":["testing CSV Reader service"],"failureMessages":[],"fullName":"testing CSV Reader service should read 9 rows from input2.csv","location":null,"status":"passed","title":"should read 9 rows from input2.csv"},{"ancestorTitles":["testing CSV Reader service"],"failureMessages":[],"fullName":"testing CSV Reader service row object should have a property of mac_addresses from input2.csv","location":null,"status":"passed","title":"row object should have a property of mac_addresses from input2.csv"}],"endTime":1581600458640,"message":"","name":"C:\\Users\\jad\\Documents\\code\\nodetsjest\\test\\services\\csv-reader.service.spec.ts","startTime":1581600456084,"status":"passed","summary":""}],"wasInterrupted":false}